<?xml version="1.0" encoding="UTF-8"?>
<testsuite name="Tests" tests="7" skipped="0" failures="0" errors="0" timestamp="2022-12-06T23:33:55" hostname="MICHAL-ASUS-ROG" time="0.017">
  <properties/>
  <testcase name="testSolution" classname="Tests" time="0.009"/>
  <testcase name="testSolution2" classname="Tests" time="0.001"/>
  <testcase name="testSolution3" classname="Tests" time="0.001"/>
  <testcase name="testSolution4" classname="Tests" time="0.001"/>
  <testcase name="testSolution5" classname="Tests" time="0.001"/>
  <testcase name="testSolution6" classname="Tests" time="0.0"/>
  <testcase name="testSolution7" classname="Tests" time="0.001"/>
  <system-out><![CDATA[]]></system-out>
  <system-err><![CDATA[]]></system-err>
</testsuite>
