<?xml version="1.0" encoding="UTF-8"?>
<testsuite name="Tests" tests="3" skipped="0" failures="0" errors="0" timestamp="2022-11-10T00:09:52" hostname="MICHAL-ASUS-ROG" time="0.009">
  <properties/>
  <testcase name="testSolution" classname="Tests" time="0.007"/>
  <testcase name="testSolution2" classname="Tests" time="0.0"/>
  <testcase name="testSolution3" classname="Tests" time="0.0"/>
  <system-out><![CDATA[]]></system-out>
  <system-err><![CDATA[]]></system-err>
</testsuite>
