<?xml version="1.0" encoding="UTF-8"?>
<testsuite name="Tests" tests="1" skipped="0" failures="0" errors="0" timestamp="2022-11-05T22:20:51" hostname="MICHAL-ASUS-ROG" time="0.005">
  <properties/>
  <testcase name="testSolution" classname="Tests" time="0.005"/>
  <system-out><![CDATA[]]></system-out>
  <system-err><![CDATA[]]></system-err>
</testsuite>
